\BOOKMARK [0][-]{chapter*.1}{Agradecimentos}{}
\BOOKMARK [0][-]{chapter*.1}{Resumo}{}
\BOOKMARK [0][-]{chapter*.1}{Abstract}{}
\BOOKMARK [0][-]{chapter*.1}{Lista de Figuras}{}
\BOOKMARK [0][-]{chapter*.2}{Lista de Tabelas}{}
\BOOKMARK [0][-]{chapter*.3}{Lista de C\363digos}{}
\BOOKMARK [0][-]{chapter*.5}{Lista de Abreviaturas e Siglas}{}
\BOOKMARK [0][-]{chapter*.6}{Lista de S\355mbolos}{}
\BOOKMARK [0][-]{chapter.1}{Lorem ipsum dolor sit amet}{}
\BOOKMARK [1][-]{section.1.1}{Lorem ipsum dolor sit amet}{chapter.1}
\BOOKMARK [2][-]{subsection.1.1.1}{Lorem ipsum dolor sit amet}{section.1.1}
\BOOKMARK [3][-]{subsubsection.1.1.1.1}{Lorem ipsum dolor sit amet}{subsection.1.1.1}
\BOOKMARK [3][-]{subsubsection.1.1.1.2}{Lorem ipsum dolor sit amet}{subsection.1.1.1}
\BOOKMARK [2][-]{subsection.1.1.2}{Lorem ipsum dolor sit amet}{section.1.1}
\BOOKMARK [1][-]{section.1.2}{Lorem ipsum dolor sit amet}{chapter.1}
\BOOKMARK [1][-]{section.1.3}{Lorem ipsum dolor sit amet}{chapter.1}
\BOOKMARK [1][-]{section.1.4}{Lorem ipsum dolor sit amet}{chapter.1}
\BOOKMARK [1][-]{section.1.5}{Lorem ipsum dolor sit amet}{chapter.1}
\BOOKMARK [1][-]{section.1.6}{Lorem ipsum dolor sit amet}{chapter.1}
\BOOKMARK [0][-]{chapter.2}{Lorem ipsum dolor sit amet}{}
\BOOKMARK [1][-]{section.2.1}{Tables}{chapter.2}
\BOOKMARK [1][-]{section.2.2}{Images}{chapter.2}
\BOOKMARK [1][-]{section.2.3}{Equations}{chapter.2}
\BOOKMARK [1][-]{section.2.4}{Listings}{chapter.2}
\BOOKMARK [1][-]{section.2.5}{References}{chapter.2}
\BOOKMARK [0][-]{section.2.5}{Refer\352ncias}{}
\BOOKMARK [0][-]{appendix.A}{Lorem ipsum dolor sit amet}{}
